09:48:04.501 [ INFO] MAESTRO.logSystemInfo: ---- System Info ----
09:48:04.503 [ INFO] MAESTRO.logSystemInfo: Maestro Version: 1.40.3
09:48:04.504 [ INFO] MAESTRO.logSystemInfo: CI: Undefined
09:48:04.504 [ INFO] MAESTRO.logSystemInfo: OS Name: Linux
09:48:04.504 [ INFO] MAESTRO.logSystemInfo: OS Version: 6.11.0-26-generic
09:48:04.504 [ INFO] MAESTRO.logSystemInfo: Architecture: amd64
09:48:04.504 [ INFO] MAESTRO.logSystemInfo: Java Version: 17
09:48:04.508 [ INFO] MAESTRO.logSystemInfo: Xcode Version: null
09:48:04.510 [ INFO] MAESTRO.logSystemInfo: Flutter Version: Undefined
09:48:04.511 [ INFO] MAESTRO.logSystemInfo: Flutter Channel: Undefined
09:48:04.511 [ INFO] MAESTRO.logSystemInfo: ---------------------
09:48:04.819 [ INFO] maestro.cli.command.TestCommand.runShardSuite: [shard 1] Selected device emulator-5554 using port 7001
09:48:04.987 [DEBUG] io.micrometer.common.util.internal.logging.InternalLoggerFactory.newDefaultFactory: Using SLF4J as the default logging framework
09:48:06.597 [ INFO] maestro.orchestra.Orchestra.initAI: [Orchestra] Initializing AI
09:48:06.597 [ INFO] maestro.Maestro.invoke: Getting device info
09:48:06.867 [ INFO] maestro.Maestro.invoke: Got device info: DeviceInfo(platform=ANDROID, widthPixels=1080, heightPixels=2220, widthGrid=1080, heightGrid=2220)
09:48:06.974 [ INFO] maestro.cli.runner.MaestroCommandRunner.invoke: Define variables RUNNING
09:48:06.979 [ INFO] maestro.cli.runner.MaestroCommandRunner.invoke: Define variables metadata CommandMetadata(numberOfRuns=null, evaluatedCommand=MaestroCommand(defineVariablesCommand=DefineVariablesCommand(env={MAESTRO_FILENAME=main}, label=null, optional=false)), logMessages=[], insight=Insight(message=, level=NONE), aiReasoning=null)
09:48:06.986 [ INFO] maestro.cli.runner.MaestroCommandRunner.invoke: Define variables COMPLETED
09:48:06.989 [ INFO] maestro.cli.runner.MaestroCommandRunner.invoke: Apply configuration RUNNING
09:48:06.992 [ INFO] maestro.cli.runner.MaestroCommandRunner.invoke: Apply configuration metadata CommandMetadata(numberOfRuns=null, evaluatedCommand=MaestroCommand(applyConfigurationCommand=ApplyConfigurationCommand(config=MaestroConfig(appId=com.cashwise, name=null, tags=[], ext={}, onFlowStart=null, onFlowComplete=null), label=null, optional=false)), logMessages=[], insight=Insight(message=, level=NONE), aiReasoning=null)
09:48:06.994 [ INFO] maestro.cli.runner.MaestroCommandRunner.invoke: Apply configuration COMPLETED
09:48:06.996 [ INFO] maestro.cli.runner.MaestroCommandRunner.invoke: Launch app "com.cashwise" with clear state RUNNING
09:48:06.998 [ INFO] maestro.cli.runner.MaestroCommandRunner.invoke: Launch app "com.cashwise" with clear state metadata CommandMetadata(numberOfRuns=null, evaluatedCommand=MaestroCommand(launchAppCommand=LaunchAppCommand(appId=com.cashwise, clearState=true, clearKeychain=null, stopApp=null, permissions=null, launchArguments=null, label=null, optional=false)), logMessages=[], insight=Insight(message=, level=NONE), aiReasoning=null)
09:48:06.999 [ INFO] maestro.Maestro.clearAppState: Clearing app state com.cashwise
09:48:07.659 [ INFO] maestro.Maestro.launchApp: Launching app com.cashwise
09:48:07.769 [ INFO] maestro.cli.runner.MaestroCommandRunner.invoke: Launch app "com.cashwise" with clear state COMPLETED
09:48:07.770 [ INFO] maestro.cli.runner.MaestroCommandRunner.invoke: Begin collecting test evidence RUNNING
09:48:07.771 [ INFO] maestro.cli.runner.MaestroCommandRunner.invoke: Begin collecting test evidence metadata CommandMetadata(numberOfRuns=null, evaluatedCommand=MaestroCommand(startRecordingCommand=StartRecordingCommand(path=./maestro/debug/maestro-test-evidence, label=Begin collecting test evidence, optional=true)), logMessages=[], insight=Insight(message=, level=NONE), aiReasoning=null)
09:48:07.773 [ INFO] maestro.Maestro.startScreenRecording: Starting screen recording
09:48:07.773 [ INFO] maestro.Maestro.startScreenRecording: Starting screen recording
09:48:07.779 [ INFO] maestro.cli.runner.MaestroCommandRunner.invoke: Begin collecting test evidence COMPLETED
09:48:07.780 [ INFO] maestro.cli.runner.MaestroCommandRunner.invoke: Assert that "Home", Index: 0 is visible RUNNING
09:48:07.782 [ INFO] maestro.cli.runner.MaestroCommandRunner.invoke: Assert that "Home", Index: 0 is visible metadata CommandMetadata(numberOfRuns=null, evaluatedCommand=MaestroCommand(assertConditionCommand=AssertConditionCommand(condition=Condition(platform=null, visible=ElementSelector(textRegex=Home, idRegex=null, size=null, below=null, above=null, leftOf=null, rightOf=null, containsChild=null, containsDescendants=null, traits=null, index=0, enabled=null, optional=false, selected=null, checked=null, focused=null, childOf=null), notVisible=null, scriptCondition=null, label=null), timeout=null, label=null, optional=false)), logMessages=[], insight=Insight(message=, level=NONE), aiReasoning=null)
09:48:07.940 [ INFO] maestro.cli.runner.MaestroCommandRunner.invoke: Assert that "Home", Index: 0 is visible COMPLETED
09:48:07.941 [ INFO] maestro.cli.runner.MaestroCommandRunner.invoke: Assert that "Jean Luc Abayo" is visible RUNNING
09:48:07.941 [ INFO] maestro.cli.runner.MaestroCommandRunner.invoke: Assert that "Jean Luc Abayo" is visible metadata CommandMetadata(numberOfRuns=null, evaluatedCommand=MaestroCommand(assertConditionCommand=AssertConditionCommand(condition=Condition(platform=null, visible=ElementSelector(textRegex=Jean Luc Abayo, idRegex=null, size=null, below=null, above=null, leftOf=null, rightOf=null, containsChild=null, containsDescendants=null, traits=null, index=null, enabled=null, optional=false, selected=null, checked=null, focused=null, childOf=null), notVisible=null, scriptCondition=null, label=null), timeout=null, label=null, optional=false)), logMessages=[], insight=Insight(message=, level=NONE), aiReasoning=null)
09:48:08.827 [ INFO] maestro.cli.runner.MaestroCommandRunner.invoke: Assert that "Jean Luc Abayo" is visible COMPLETED
09:48:08.828 [ INFO] maestro.cli.runner.MaestroCommandRunner.invoke: Assert that "Send" is visible RUNNING
09:48:08.829 [ INFO] maestro.cli.runner.MaestroCommandRunner.invoke: Assert that "Send" is visible metadata CommandMetadata(numberOfRuns=null, evaluatedCommand=MaestroCommand(assertConditionCommand=AssertConditionCommand(condition=Condition(platform=null, visible=ElementSelector(textRegex=Send, idRegex=null, size=null, below=null, above=null, leftOf=null, rightOf=null, containsChild=null, containsDescendants=null, traits=null, index=null, enabled=null, optional=false, selected=null, checked=null, focused=null, childOf=null), notVisible=null, scriptCondition=null, label=null), timeout=null, label=null, optional=false)), logMessages=[], insight=Insight(message=, level=NONE), aiReasoning=null)
09:48:09.314 [ INFO] maestro.cli.runner.MaestroCommandRunner.invoke: Assert that "Send" is visible COMPLETED
09:48:09.315 [ INFO] maestro.cli.runner.MaestroCommandRunner.invoke: Assert that "Pay Good/Service" is visible RUNNING
09:48:09.316 [ INFO] maestro.cli.runner.MaestroCommandRunner.invoke: Assert that "Pay Good/Service" is visible metadata CommandMetadata(numberOfRuns=null, evaluatedCommand=MaestroCommand(assertConditionCommand=AssertConditionCommand(condition=Condition(platform=null, visible=ElementSelector(textRegex=Pay Good/Service, idRegex=null, size=null, below=null, above=null, leftOf=null, rightOf=null, containsChild=null, containsDescendants=null, traits=null, index=null, enabled=null, optional=false, selected=null, checked=null, focused=null, childOf=null), notVisible=null, scriptCondition=null, label=null), timeout=null, label=null, optional=false)), logMessages=[], insight=Insight(message=, level=NONE), aiReasoning=null)
09:48:09.379 [ INFO] maestro.cli.runner.MaestroCommandRunner.invoke: Assert that "Pay Good/Service" is visible COMPLETED
09:48:09.380 [ INFO] maestro.cli.runner.MaestroCommandRunner.invoke: Assert that "Home", Index: 1 is visible RUNNING
09:48:09.382 [ INFO] maestro.cli.runner.MaestroCommandRunner.invoke: Assert that "Home", Index: 1 is visible metadata CommandMetadata(numberOfRuns=null, evaluatedCommand=MaestroCommand(assertConditionCommand=AssertConditionCommand(condition=Condition(platform=null, visible=ElementSelector(textRegex=Home, idRegex=null, size=null, below=null, above=null, leftOf=null, rightOf=null, containsChild=null, containsDescendants=null, traits=null, index=1, enabled=null, optional=false, selected=null, checked=null, focused=null, childOf=null), notVisible=null, scriptCondition=null, label=null), timeout=null, label=null, optional=false)), logMessages=[], insight=Insight(message=, level=NONE), aiReasoning=null)
09:48:09.490 [ INFO] maestro.cli.runner.MaestroCommandRunner.invoke: Assert that "Home", Index: 1 is visible COMPLETED
09:48:09.491 [ INFO] maestro.cli.runner.MaestroCommandRunner.invoke: Assert that "Transactions" is visible RUNNING
09:48:09.491 [ INFO] maestro.cli.runner.MaestroCommandRunner.invoke: Assert that "Transactions" is visible metadata CommandMetadata(numberOfRuns=null, evaluatedCommand=MaestroCommand(assertConditionCommand=AssertConditionCommand(condition=Condition(platform=null, visible=ElementSelector(textRegex=Transactions, idRegex=null, size=null, below=null, above=null, leftOf=null, rightOf=null, containsChild=null, containsDescendants=null, traits=null, index=null, enabled=null, optional=false, selected=null, checked=null, focused=null, childOf=null), notVisible=null, scriptCondition=null, label=null), timeout=null, label=null, optional=false)), logMessages=[], insight=Insight(message=, level=NONE), aiReasoning=null)
09:48:09.597 [ INFO] maestro.cli.runner.MaestroCommandRunner.invoke: Assert that "Transactions" is visible COMPLETED
09:48:09.598 [ INFO] maestro.cli.runner.MaestroCommandRunner.invoke: Assert that "Profile" is visible RUNNING
09:48:09.599 [ INFO] maestro.cli.runner.MaestroCommandRunner.invoke: Assert that "Profile" is visible metadata CommandMetadata(numberOfRuns=null, evaluatedCommand=MaestroCommand(assertConditionCommand=AssertConditionCommand(condition=Condition(platform=null, visible=ElementSelector(textRegex=Profile, idRegex=null, size=null, below=null, above=null, leftOf=null, rightOf=null, containsChild=null, containsDescendants=null, traits=null, index=null, enabled=null, optional=false, selected=null, checked=null, focused=null, childOf=null), notVisible=null, scriptCondition=null, label=null), timeout=null, label=null, optional=false)), logMessages=[], insight=Insight(message=, level=NONE), aiReasoning=null)
09:48:09.712 [ INFO] maestro.cli.runner.MaestroCommandRunner.invoke: Assert that "Profile" is visible COMPLETED
09:48:09.714 [ INFO] maestro.cli.runner.MaestroCommandRunner.invoke: Assert that "Recent Transactions" is visible RUNNING
09:48:09.715 [ INFO] maestro.cli.runner.MaestroCommandRunner.invoke: Assert that "Recent Transactions" is visible metadata CommandMetadata(numberOfRuns=null, evaluatedCommand=MaestroCommand(assertConditionCommand=AssertConditionCommand(condition=Condition(platform=null, visible=ElementSelector(textRegex=Recent Transactions, idRegex=null, size=null, below=null, above=null, leftOf=null, rightOf=null, containsChild=null, containsDescendants=null, traits=null, index=null, enabled=null, optional=false, selected=null, checked=null, focused=null, childOf=null), notVisible=null, scriptCondition=null, label=null), timeout=null, label=null, optional=false)), logMessages=[], insight=Insight(message=, level=NONE), aiReasoning=null)
09:48:09.829 [ INFO] maestro.cli.runner.MaestroCommandRunner.invoke: Assert that "Recent Transactions" is visible COMPLETED
09:48:09.830 [ INFO] maestro.cli.runner.MaestroCommandRunner.invoke: Assert that "Quick Actions" is visible RUNNING
09:48:09.831 [ INFO] maestro.cli.runner.MaestroCommandRunner.invoke: Assert that "Quick Actions" is visible metadata CommandMetadata(numberOfRuns=null, evaluatedCommand=MaestroCommand(assertConditionCommand=AssertConditionCommand(condition=Condition(platform=null, visible=ElementSelector(textRegex=Quick Actions, idRegex=null, size=null, below=null, above=null, leftOf=null, rightOf=null, containsChild=null, containsDescendants=null, traits=null, index=null, enabled=null, optional=false, selected=null, checked=null, focused=null, childOf=null), notVisible=null, scriptCondition=null, label=null), timeout=null, label=null, optional=false)), logMessages=[], insight=Insight(message=, level=NONE), aiReasoning=null)
09:48:09.883 [ INFO] maestro.cli.runner.MaestroCommandRunner.invoke: Assert that "Quick Actions" is visible COMPLETED
09:48:09.885 [ INFO] maestro.cli.runner.MaestroCommandRunner.invoke: Tap on "Send" RUNNING
09:48:09.887 [ INFO] maestro.cli.runner.MaestroCommandRunner.invoke: Tap on "Send" metadata CommandMetadata(numberOfRuns=null, evaluatedCommand=MaestroCommand(tapOnElementCommand=TapOnElementCommand(selector=ElementSelector(textRegex=Send, idRegex=null, size=null, below=null, above=null, leftOf=null, rightOf=null, containsChild=null, containsDescendants=null, traits=null, index=null, enabled=null, optional=false, selected=null, checked=null, focused=null, childOf=null), retryIfNoChange=true, waitUntilVisible=false, longPress=false, repeat=null, waitToSettleTimeoutMs=null, label=null, optional=false)), logMessages=[], insight=Insight(message=, level=NONE), aiReasoning=null)
09:48:10.251 [ INFO] maestro.Maestro.tap-BUbHBYE: Tapping on element:  UiElement(treeNode=TreeNode(attributes={text=Send, accessibilityText=, hintText=, ignoreBoundsFiltering=false, resource-id=button-text, clickable=false, bounds=[165,638][256,693], enabled=true, focused=false, checked=false, scrollable=false, selected=false, class=android.widget.TextView}, children=[], clickable=false, enabled=true, focused=false, checked=false, selected=false), bounds=Bounds(x=165, y=638, width=91, height=55))
09:48:11.387 [ INFO] maestro.Maestro.tap-BUbHBYE: Refreshed element
09:48:11.389 [ INFO] maestro.Maestro.hierarchyBasedTap-hbl3e4M: Tapping at (210, 665) using hierarchy based logic for wait
09:48:11.389 [TRACE] maestro.utils.ScreenshotUtils.takeScreenshot: Taking screenshot to byte array
09:48:11.389 [TRACE] maestro.utils.ScreenshotUtils.takeScreenshot: Taking screenshot to output sink
09:48:12.337 [TRACE] maestro.utils.ScreenshotUtils.takeScreenshot: Taking screenshot to byte array
09:48:12.337 [TRACE] maestro.utils.ScreenshotUtils.takeScreenshot: Taking screenshot to output sink
09:48:13.028 [ INFO] maestro.Maestro.hierarchyBasedTap-hbl3e4M: Something have changed in the UI judging by screenshot (d=0.09821156). Proceed.
09:48:13.028 [ INFO] maestro.cli.runner.MaestroCommandRunner.invoke: Tap on "Send" COMPLETED
09:48:13.029 [ INFO] maestro.cli.runner.MaestroCommandRunner.invoke: Tap on "Check Balance" RUNNING
09:48:13.030 [ INFO] maestro.cli.runner.MaestroCommandRunner.invoke: Tap on "Check Balance" metadata CommandMetadata(numberOfRuns=null, evaluatedCommand=MaestroCommand(tapOnElementCommand=TapOnElementCommand(selector=ElementSelector(textRegex=Check Balance, idRegex=null, size=null, below=null, above=null, leftOf=null, rightOf=null, containsChild=null, containsDescendants=null, traits=null, index=null, enabled=null, optional=false, selected=null, checked=null, focused=null, childOf=null), retryIfNoChange=true, waitUntilVisible=false, longPress=false, repeat=null, waitToSettleTimeoutMs=null, label=null, optional=false)), logMessages=[], insight=Insight(message=, level=NONE), aiReasoning=null)
09:48:13.125 [ INFO] maestro.Maestro.tap-BUbHBYE: Tapping on element:  UiElement(treeNode=TreeNode(attributes={text=Check Balance, accessibilityText=, hintText=, ignoreBoundsFiltering=false, resource-id=button-text, clickable=false, bounds=[165,792][427,847], enabled=true, focused=false, checked=false, scrollable=false, selected=false, class=android.widget.TextView}, children=[], clickable=false, enabled=true, focused=false, checked=false, selected=false), bounds=Bounds(x=165, y=792, width=262, height=55))
09:48:14.291 [ INFO] maestro.Maestro.tap-BUbHBYE: Refreshed element
09:48:14.291 [ INFO] maestro.Maestro.hierarchyBasedTap-hbl3e4M: Tapping at (296, 819) using hierarchy based logic for wait
09:48:14.291 [TRACE] maestro.utils.ScreenshotUtils.takeScreenshot: Taking screenshot to byte array
09:48:14.291 [TRACE] maestro.utils.ScreenshotUtils.takeScreenshot: Taking screenshot to output sink
09:48:15.444 [ INFO] maestro.Maestro.hierarchyBasedTap-hbl3e4M: Something have changed in the UI judging by view hierarchy. Proceed.
09:48:15.444 [ INFO] maestro.cli.runner.MaestroCommandRunner.invoke: Tap on "Check Balance" COMPLETED
09:48:15.445 [ INFO] maestro.cli.runner.MaestroCommandRunner.invoke: End collecting test evidence RUNNING
09:48:15.445 [ INFO] maestro.cli.runner.MaestroCommandRunner.invoke: End collecting test evidence metadata CommandMetadata(numberOfRuns=null, evaluatedCommand=MaestroCommand(stopRecordingCommand=StopRecordingCommand(label=End collecting test evidence, optional=true)), logMessages=[], insight=Insight(message=, level=NONE), aiReasoning=null)
09:48:15.446 [ INFO] maestro.Maestro.close: Stopping screen recording
09:48:18.655 [ INFO] maestro.cli.runner.MaestroCommandRunner.invoke: End collecting test evidence COMPLETED
09:48:18.656 [ INFO] maestro.Maestro.close: Stopping screen recording
09:48:22.261 [ INFO] maestro.drivers.AndroidDriver.close: [Start] close port forwarder
09:48:27.262 [ INFO] maestro.drivers.AndroidDriver.close: [Done] close port forwarder
09:48:27.263 [ INFO] maestro.drivers.AndroidDriver.close: [Start] Remove host port from port forwarder map
09:48:27.263 [ INFO] maestro.drivers.AndroidDriver.close: [Done] Remove host port from port forwarder map
09:48:27.263 [ INFO] maestro.drivers.AndroidDriver.close: [Start] Remove host port from port to allocation map
09:48:27.263 [ INFO] maestro.drivers.AndroidDriver.close: [Done] Remove host port from port to allocation map
09:48:27.263 [ INFO] maestro.drivers.AndroidDriver.close: [Start] Uninstall driver from device
09:48:27.856 [ INFO] maestro.drivers.AndroidDriver.close: [Done] Uninstall driver from device
09:48:27.857 [ INFO] maestro.drivers.AndroidDriver.close: [Start] Close instrumentation session
09:48:27.857 [ INFO] maestro.drivers.AndroidDriver.close: [Done] Close instrumentation session
09:48:27.857 [ INFO] maestro.drivers.AndroidDriver.close: [Start] Shutdown GRPC channel
09:48:27.860 [ INFO] maestro.drivers.AndroidDriver.close: [Done] Shutdown GRPC channel
